<?xml version="1.0" encoding="UTF-8"?>
<coverage generated="1760630568891" clover="3.2.0">
  <project timestamp="1760630568891" name="All files">
    <metrics statements="122" coveredstatements="103" conditionals="89" coveredconditionals="62" methods="24" coveredmethods="20" elements="235" coveredelements="185" complexity="0" loc="122" ncloc="122" packages="1" files="1" classes="1"/>
    <file name="cart.js" path="E:\GIT Working Folders\lucha-tacos\cart.js">
      <metrics statements="122" coveredstatements="103" conditionals="89" coveredconditionals="62" methods="24" coveredmethods="20"/>
      <line num="5" count="2" type="stmt"/>
      <line num="8" count="2" type="stmt"/>
      <line num="9" count="2" type="stmt"/>
      <line num="17" count="13" type="cond" truecount="2" falsecount="2"/>
      <line num="18" count="0" type="stmt"/>
      <line num="20" count="13" type="stmt"/>
      <line num="21" count="13" type="stmt"/>
      <line num="23" count="13" type="stmt"/>
      <line num="24" count="13" type="stmt"/>
      <line num="25" count="13" type="stmt"/>
      <line num="26" count="13" type="stmt"/>
      <line num="28" count="13" type="cond" truecount="1" falsecount="1"/>
      <line num="29" count="13" type="stmt"/>
      <line num="30" count="13" type="stmt"/>
      <line num="35" count="13" type="stmt"/>
      <line num="38" count="13" type="stmt"/>
      <line num="40" count="0" type="stmt"/>
      <line num="46" count="0" type="stmt"/>
      <line num="51" count="1112" type="cond" truecount="1" falsecount="1"/>
      <line num="53" count="1112" type="cond" truecount="2" falsecount="0"/>
      <line num="54" count="1112" type="stmt"/>
      <line num="55" count="1112" type="cond" truecount="2" falsecount="0"/>
      <line num="60" count="1099" type="stmt"/>
      <line num="61" count="13" type="cond" truecount="1" falsecount="1"/>
      <line num="66" count="13" type="stmt"/>
      <line num="71" count="0" type="stmt"/>
      <line num="74" count="0" type="cond" truecount="0" falsecount="2"/>
      <line num="77" count="0" type="stmt"/>
      <line num="80" count="0" type="stmt"/>
      <line num="86" count="2" type="stmt"/>
      <line num="87" count="1063" type="cond" truecount="2" falsecount="0"/>
      <line num="88" count="1061" type="cond" truecount="1" falsecount="1"/>
      <line num="89" count="0" type="stmt"/>
      <line num="91" count="0" type="stmt"/>
      <line num="92" count="0" type="cond" truecount="0" falsecount="2"/>
      <line num="96" count="16" type="stmt"/>
      <line num="97" count="16" type="cond" truecount="2" falsecount="0"/>
      <line num="98" count="16" type="cond" truecount="2" falsecount="0"/>
      <line num="100" count="16" type="stmt"/>
      <line num="104" count="1070" type="cond" truecount="2" falsecount="2"/>
      <line num="105" count="0" type="stmt"/>
      <line num="108" count="1070" type="stmt"/>
      <line num="109" count="1070" type="stmt"/>
      <line num="110" count="1070" type="stmt"/>
      <line num="111" count="1070" type="stmt"/>
      <line num="113" count="1070" type="cond" truecount="1" falsecount="1"/>
      <line num="116" count="1070" type="stmt"/>
      <line num="118" count="0" type="stmt"/>
      <line num="122" count="1070" type="cond" truecount="1" falsecount="1"/>
      <line num="123" count="0" type="stmt"/>
      <line num="125" count="1070" type="stmt"/>
      <line num="130" count="16" type="stmt"/>
      <line num="132" count="16" type="cond" truecount="1" falsecount="1"/>
      <line num="135" count="16" type="stmt"/>
      <line num="136" count="16" type="cond" truecount="2" falsecount="0"/>
      <line num="137" count="13" type="stmt"/>
      <line num="138" count="13" type="cond" truecount="3" falsecount="1"/>
      <line num="139" count="13" type="stmt"/>
      <line num="140" count="13" type="stmt"/>
      <line num="141" count="1" type="stmt"/>
      <line num="149" count="13" type="stmt"/>
      <line num="151" count="0" type="stmt"/>
      <line num="156" count="1083" type="stmt"/>
      <line num="157" count="1083" type="stmt"/>
      <line num="158" count="1083" type="stmt"/>
      <line num="167" count="1066" type="cond" truecount="3" falsecount="1"/>
      <line num="168" count="1066" type="stmt"/>
      <line num="171" count="1066" type="cond" truecount="2" falsecount="0"/>
      <line num="172" count="1066" type="cond" truecount="3" falsecount="0"/>
      <line num="173" count="1066" type="cond" truecount="2" falsecount="0"/>
      <line num="174" count="1066" type="stmt"/>
      <line num="175" count="1066" type="cond" truecount="2" falsecount="0"/>
      <line num="176" count="9" type="stmt"/>
      <line num="177" count="9" type="cond" truecount="1" falsecount="1"/>
      <line num="179" count="1057" type="stmt"/>
      <line num="180" count="1057" type="cond" truecount="2" falsecount="0"/>
      <line num="182" count="1066" type="stmt"/>
      <line num="183" count="1066" type="stmt"/>
      <line num="184" count="1066" type="stmt"/>
      <line num="188" count="1" type="stmt"/>
      <line num="189" count="1" type="cond" truecount="1" falsecount="1"/>
      <line num="190" count="1" type="stmt"/>
      <line num="191" count="1" type="cond" truecount="1" falsecount="1"/>
      <line num="192" count="0" type="stmt"/>
      <line num="193" count="1" type="stmt"/>
      <line num="194" count="1" type="stmt"/>
      <line num="195" count="1" type="stmt"/>
      <line num="199" count="1" type="stmt"/>
      <line num="200" count="1" type="stmt"/>
      <line num="201" count="1" type="stmt"/>
      <line num="202" count="1" type="stmt"/>
      <line num="203" count="1" type="stmt"/>
      <line num="207" count="1" type="stmt"/>
      <line num="208" count="1" type="stmt"/>
      <line num="209" count="1" type="stmt"/>
      <line num="210" count="1" type="stmt"/>
      <line num="214" count="1504768" type="stmt"/>
      <line num="218" count="3247" type="stmt"/>
      <line num="219" count="1505771" type="stmt"/>
      <line num="220" count="3247" type="stmt"/>
      <line num="224" count="6484" type="stmt"/>
      <line num="225" count="6484" type="stmt"/>
      <line num="226" count="3010456" type="stmt"/>
      <line num="227" count="6484" type="stmt"/>
      <line num="231" count="3243" type="stmt"/>
      <line num="235" count="3236" type="stmt"/>
      <line num="245" count="1" type="stmt"/>
      <line num="249" count="1" type="cond" truecount="3" falsecount="1"/>
      <line num="250" count="1" type="stmt"/>
      <line num="251" count="1" type="stmt"/>
      <line num="252" count="2" type="stmt"/>
      <line num="260" count="1" type="stmt"/>
      <line num="261" count="1" type="stmt"/>
      <line num="265" count="16" type="cond" truecount="1" falsecount="1"/>
      <line num="266" count="16" type="stmt"/>
      <line num="269" count="16" type="cond" truecount="1" falsecount="1"/>
      <line num="274" count="0" type="stmt"/>
      <line num="275" count="0" type="stmt"/>
      <line num="283" count="0" type="stmt"/>
      <line num="284" count="0" type="stmt"/>
      <line num="288" count="16" type="stmt"/>
      <line num="304" count="2" type="stmt"/>
    </file>
  </project>
</coverage>
