{"E:\\GIT Working Folders\\lucha-tacos\\cart.js": {"path":"E:\\GIT Working Folders\\lucha-tacos\\cart.js","statementMap":{"0":{"start":{"line":5,"column":20},"end":{"line":5,"column":35}},"1":{"start":{"line":8,"column":19},"end":{"line":8,"column":26}},"2":{"start":{"line":9,"column":21},"end":{"line":9,"column":25}},"3":{"start":{"line":17,"column":2},"end":{"line":19,"column":3}},"4":{"start":{"line":18,"column":4},"end":{"line":18,"column":71}},"5":{"start":{"line":20,"column":2},"end":{"line":20,"column":22}},"6":{"start":{"line":21,"column":2},"end":{"line":41,"column":3}},"7":{"start":{"line":23,"column":20},"end":{"line":23,"column":37}},"8":{"start":{"line":24,"column":16},"end":{"line":24,"column":39}},"9":{"start":{"line":25,"column":19},"end":{"line":25,"column":32}},"10":{"start":{"line":26,"column":4},"end":{"line":26,"column":37}},"11":{"start":{"line":28,"column":18},"end":{"line":28,"column":69}},"12":{"start":{"line":29,"column":4},"end":{"line":33,"column":5}},"13":{"start":{"line":30,"column":6},"end":{"line":30,"column":36}},"14":{"start":{"line":35,"column":4},"end":{"line":37,"column":6}},"15":{"start":{"line":38,"column":4},"end":{"line":38,"column":79}},"16":{"start":{"line":40,"column":4},"end":{"line":40,"column":61}},"17":{"start":{"line":46,"column":2},"end":{"line":46,"column":28}},"18":{"start":{"line":51,"column":2},"end":{"line":51,"column":44}},"19":{"start":{"line":51,"column":22},"end":{"line":51,"column":44}},"20":{"start":{"line":53,"column":15},"end":{"line":53,"column":40}},"21":{"start":{"line":54,"column":2},"end":{"line":69,"column":3}},"22":{"start":{"line":55,"column":4},"end":{"line":60,"column":33}},"23":{"start":{"line":60,"column":6},"end":{"line":60,"column":33}},"24":{"start":{"line":61,"column":4},"end":{"line":66,"column":35}},"25":{"start":{"line":66,"column":6},"end":{"line":66,"column":35}},"26":{"start":{"line":71,"column":2},"end":{"line":82,"column":4}},"27":{"start":{"line":74,"column":6},"end":{"line":74,"column":36}},"28":{"start":{"line":77,"column":6},"end":{"line":77,"column":35}},"29":{"start":{"line":80,"column":6},"end":{"line":80,"column":28}},"30":{"start":{"line":86,"column":16},"end":{"line":93,"column":1}},"31":{"start":{"line":87,"column":2},"end":{"line":87,"column":30}},"32":{"start":{"line":87,"column":21},"end":{"line":87,"column":30}},"33":{"start":{"line":88,"column":2},"end":{"line":88,"column":64}},"34":{"start":{"line":88,"column":33},"end":{"line":88,"column":64}},"35":{"start":{"line":89,"column":12},"end":{"line":89,"column":32}},"36":{"start":{"line":91,"column":17},"end":{"line":91,"column":52}},"37":{"start":{"line":92,"column":2},"end":{"line":92,"column":64}},"38":{"start":{"line":96,"column":16},"end":{"line":96,"column":25}},"39":{"start":{"line":97,"column":26},"end":{"line":97,"column":64}},"40":{"start":{"line":98,"column":28},"end":{"line":98,"column":58}},"41":{"start":{"line":100,"column":23},"end":{"line":100,"column":27}},"42":{"start":{"line":104,"column":4},"end":{"line":106,"column":5}},"43":{"start":{"line":105,"column":6},"end":{"line":105,"column":35}},"44":{"start":{"line":108,"column":22},"end":{"line":120,"column":5}},"45":{"start":{"line":109,"column":6},"end":{"line":119,"column":7}},"46":{"start":{"line":110,"column":24},"end":{"line":110,"column":36}},"47":{"start":{"line":111,"column":20},"end":{"line":111,"column":43}},"48":{"start":{"line":113,"column":10},"end":{"line":115,"column":29}},"49":{"start":{"line":116,"column":8},"end":{"line":116,"column":42}},"50":{"start":{"line":118,"column":8},"end":{"line":118,"column":64}},"51":{"start":{"line":122,"column":4},"end":{"line":126,"column":5}},"52":{"start":{"line":123,"column":6},"end":{"line":123,"column":64}},"53":{"start":{"line":125,"column":6},"end":{"line":125,"column":18}},"54":{"start":{"line":130,"column":4},"end":{"line":152,"column":5}},"55":{"start":{"line":132,"column":8},"end":{"line":134,"column":27}},"56":{"start":{"line":135,"column":18},"end":{"line":135,"column":46}},"57":{"start":{"line":136,"column":6},"end":{"line":136,"column":23}},"58":{"start":{"line":136,"column":16},"end":{"line":136,"column":23}},"59":{"start":{"line":137,"column":22},"end":{"line":137,"column":37}},"60":{"start":{"line":138,"column":6},"end":{"line":138,"column":60}},"61":{"start":{"line":138,"column":53},"end":{"line":138,"column":60}},"62":{"start":{"line":139,"column":6},"end":{"line":139,"column":20}},"63":{"start":{"line":140,"column":6},"end":{"line":148,"column":7}},"64":{"start":{"line":141,"column":8},"end":{"line":147,"column":11}},"65":{"start":{"line":149,"column":6},"end":{"line":149,"column":23}},"66":{"start":{"line":151,"column":6},"end":{"line":151,"column":64}},"67":{"start":{"line":156,"column":4},"end":{"line":163,"column":5}},"68":{"start":{"line":157,"column":22},"end":{"line":157,"column":34}},"69":{"start":{"line":158,"column":6},"end":{"line":160,"column":8}},"70":{"start":{"line":167,"column":4},"end":{"line":167,"column":76}},"71":{"start":{"line":167,"column":27},"end":{"line":167,"column":76}},"72":{"start":{"line":168,"column":15},"end":{"line":168,"column":30}},"73":{"start":{"line":171,"column":6},"end":{"line":171,"column":77}},"74":{"start":{"line":172,"column":17},"end":{"line":172,"column":46}},"75":{"start":{"line":173,"column":17},"end":{"line":173,"column":34}},"76":{"start":{"line":174,"column":21},"end":{"line":174,"column":34}},"77":{"start":{"line":175,"column":4},"end":{"line":181,"column":5}},"78":{"start":{"line":176,"column":6},"end":{"line":176,"column":61}},"79":{"start":{"line":177,"column":6},"end":{"line":177,"column":47}},"80":{"start":{"line":177,"column":30},"end":{"line":177,"column":47}},"81":{"start":{"line":179,"column":16},"end":{"line":179,"column":40}},"82":{"start":{"line":180,"column":6},"end":{"line":180,"column":71}},"83":{"start":{"line":180,"column":17},"end":{"line":180,"column":71}},"84":{"start":{"line":182,"column":4},"end":{"line":182,"column":14}},"85":{"start":{"line":183,"column":4},"end":{"line":183,"column":21}},"86":{"start":{"line":184,"column":4},"end":{"line":184,"column":24}},"87":{"start":{"line":188,"column":4},"end":{"line":188,"column":20}},"88":{"start":{"line":189,"column":4},"end":{"line":189,"column":44}},"89":{"start":{"line":189,"column":24},"end":{"line":189,"column":44}},"90":{"start":{"line":190,"column":14},"end":{"line":190,"column":38}},"91":{"start":{"line":191,"column":4},"end":{"line":192,"column":31}},"92":{"start":{"line":191,"column":17},"end":{"line":191,"column":34}},"93":{"start":{"line":192,"column":9},"end":{"line":192,"column":31}},"94":{"start":{"line":193,"column":4},"end":{"line":193,"column":14}},"95":{"start":{"line":194,"column":4},"end":{"line":194,"column":21}},"96":{"start":{"line":195,"column":4},"end":{"line":195,"column":24}},"97":{"start":{"line":199,"column":4},"end":{"line":199,"column":20}},"98":{"start":{"line":200,"column":4},"end":{"line":200,"column":21}},"99":{"start":{"line":201,"column":4},"end":{"line":201,"column":14}},"100":{"start":{"line":202,"column":4},"end":{"line":202,"column":21}},"101":{"start":{"line":203,"column":4},"end":{"line":203,"column":24}},"102":{"start":{"line":207,"column":4},"end":{"line":207,"column":18}},"103":{"start":{"line":208,"column":4},"end":{"line":208,"column":14}},"104":{"start":{"line":209,"column":4},"end":{"line":209,"column":21}},"105":{"start":{"line":210,"column":4},"end":{"line":210,"column":24}},"106":{"start":{"line":214,"column":4},"end":{"line":214,"column":63}},"107":{"start":{"line":214,"column":51},"end":{"line":214,"column":60}},"108":{"start":{"line":218,"column":16},"end":{"line":218,"column":17}},"109":{"start":{"line":219,"column":4},"end":{"line":219,"column":61}},"110":{"start":{"line":219,"column":37},"end":{"line":219,"column":61}},"111":{"start":{"line":220,"column":4},"end":{"line":220,"column":17}},"112":{"start":{"line":224,"column":19},"end":{"line":224,"column":20}},"113":{"start":{"line":225,"column":4},"end":{"line":226,"column":57}},"114":{"start":{"line":226,"column":6},"end":{"line":226,"column":57}},"115":{"start":{"line":227,"column":4},"end":{"line":227,"column":20}},"116":{"start":{"line":231,"column":4},"end":{"line":231,"column":36}},"117":{"start":{"line":235,"column":4},"end":{"line":241,"column":6}},"118":{"start":{"line":245,"column":4},"end":{"line":245,"column":40}},"119":{"start":{"line":249,"column":4},"end":{"line":249,"column":58}},"120":{"start":{"line":249,"column":51},"end":{"line":249,"column":58}},"121":{"start":{"line":250,"column":4},"end":{"line":250,"column":18}},"122":{"start":{"line":251,"column":4},"end":{"line":259,"column":5}},"123":{"start":{"line":252,"column":6},"end":{"line":258,"column":9}},"124":{"start":{"line":260,"column":4},"end":{"line":260,"column":14}},"125":{"start":{"line":261,"column":4},"end":{"line":261,"column":21}},"126":{"start":{"line":265,"column":2},"end":{"line":267,"column":3}},"127":{"start":{"line":266,"column":4},"end":{"line":266,"column":14}},"128":{"start":{"line":269,"column":2},"end":{"line":285,"column":3}},"129":{"start":{"line":274,"column":4},"end":{"line":282,"column":5}},"130":{"start":{"line":275,"column":6},"end":{"line":281,"column":9}},"131":{"start":{"line":283,"column":4},"end":{"line":283,"column":14}},"132":{"start":{"line":284,"column":4},"end":{"line":284,"column":21}},"133":{"start":{"line":288,"column":2},"end":{"line":300,"column":4}},"134":{"start":{"line":304,"column":20},"end":{"line":304,"column":32}}},"fnMap":{"0":{"name":"setStorageMode","decl":{"start":{"line":16,"column":16},"end":{"line":16,"column":30}},"loc":{"start":{"line":16,"column":37},"end":{"line":42,"column":1}},"line":16},"1":{"name":"__setStorageProvider","decl":{"start":{"line":45,"column":16},"end":{"line":45,"column":36}},"loc":{"start":{"line":45,"column":47},"end":{"line":47,"column":1}},"line":45},"2":{"name":"_getStorage","decl":{"start":{"line":49,"column":9},"end":{"line":49,"column":20}},"loc":{"start":{"line":49,"column":32},"end":{"line":83,"column":1}},"line":49},"3":{"name":"(anonymous_3)","decl":{"start":{"line":73,"column":4},"end":{"line":73,"column":5}},"loc":{"start":{"line":73,"column":17},"end":{"line":75,"column":5}},"line":73},"4":{"name":"(anonymous_4)","decl":{"start":{"line":76,"column":4},"end":{"line":76,"column":5}},"loc":{"start":{"line":76,"column":22},"end":{"line":78,"column":5}},"line":76},"5":{"name":"(anonymous_5)","decl":{"start":{"line":79,"column":4},"end":{"line":79,"column":5}},"loc":{"start":{"line":79,"column":20},"end":{"line":81,"column":5}},"line":79},"6":{"name":"(anonymous_6)","decl":{"start":{"line":86,"column":16},"end":{"line":86,"column":17}},"loc":{"start":{"line":86,"column":27},"end":{"line":93,"column":1}},"line":86},"7":{"name":"createCart","decl":{"start":{"line":95,"column":16},"end":{"line":95,"column":26}},"loc":{"start":{"line":95,"column":60},"end":{"line":301,"column":1}},"line":95},"8":{"name":"persist","decl":{"start":{"line":102,"column":11},"end":{"line":102,"column":18}},"loc":{"start":{"line":102,"column":21},"end":{"line":127,"column":3}},"line":102},"9":{"name":"(anonymous_9)","decl":{"start":{"line":108,"column":22},"end":{"line":108,"column":23}},"loc":{"start":{"line":108,"column":28},"end":{"line":120,"column":5}},"line":108},"10":{"name":"restore","decl":{"start":{"line":129,"column":11},"end":{"line":129,"column":18}},"loc":{"start":{"line":129,"column":21},"end":{"line":153,"column":3}},"line":129},"11":{"name":"dispatchChange","decl":{"start":{"line":155,"column":11},"end":{"line":155,"column":25}},"loc":{"start":{"line":155,"column":28},"end":{"line":164,"column":3}},"line":155},"12":{"name":"addItem","decl":{"start":{"line":166,"column":11},"end":{"line":166,"column":18}},"loc":{"start":{"line":166,"column":34},"end":{"line":185,"column":3}},"line":166},"13":{"name":"updateQty","decl":{"start":{"line":187,"column":11},"end":{"line":187,"column":20}},"loc":{"start":{"line":187,"column":30},"end":{"line":196,"column":3}},"line":187},"14":{"name":"removeItem","decl":{"start":{"line":198,"column":11},"end":{"line":198,"column":21}},"loc":{"start":{"line":198,"column":26},"end":{"line":204,"column":3}},"line":198},"15":{"name":"clearCart","decl":{"start":{"line":206,"column":11},"end":{"line":206,"column":20}},"loc":{"start":{"line":206,"column":23},"end":{"line":211,"column":3}},"line":206},"16":{"name":"getItems","decl":{"start":{"line":213,"column":11},"end":{"line":213,"column":19}},"loc":{"start":{"line":213,"column":22},"end":{"line":215,"column":3}},"line":213},"17":{"name":"(anonymous_17)","decl":{"start":{"line":214,"column":42},"end":{"line":214,"column":43}},"loc":{"start":{"line":214,"column":51},"end":{"line":214,"column":60}},"line":214},"18":{"name":"getTotalQty","decl":{"start":{"line":217,"column":11},"end":{"line":217,"column":22}},"loc":{"start":{"line":217,"column":25},"end":{"line":221,"column":3}},"line":217},"19":{"name":"getSubtotalCents","decl":{"start":{"line":223,"column":11},"end":{"line":223,"column":27}},"loc":{"start":{"line":223,"column":30},"end":{"line":228,"column":3}},"line":223},"20":{"name":"getSubtotal","decl":{"start":{"line":230,"column":11},"end":{"line":230,"column":22}},"loc":{"start":{"line":230,"column":25},"end":{"line":232,"column":3}},"line":230},"21":{"name":"getSummary","decl":{"start":{"line":234,"column":11},"end":{"line":234,"column":21}},"loc":{"start":{"line":234,"column":24},"end":{"line":242,"column":3}},"line":234},"22":{"name":"snapshot","decl":{"start":{"line":244,"column":11},"end":{"line":244,"column":19}},"loc":{"start":{"line":244,"column":22},"end":{"line":246,"column":3}},"line":244},"23":{"name":"restoreFromSummary","decl":{"start":{"line":248,"column":11},"end":{"line":248,"column":29}},"loc":{"start":{"line":248,"column":39},"end":{"line":262,"column":3}},"line":248}},"branchMap":{"0":{"loc":{"start":{"line":17,"column":2},"end":{"line":19,"column":3}},"type":"if","locations":[{"start":{"line":17,"column":2},"end":{"line":19,"column":3}},{"start":{},"end":{}}],"line":17},"1":{"loc":{"start":{"line":17,"column":6},"end":{"line":17,"column":44}},"type":"binary-expr","locations":[{"start":{"line":17,"column":6},"end":{"line":17,"column":22}},{"start":{"line":17,"column":26},"end":{"line":17,"column":44}}],"line":17},"2":{"loc":{"start":{"line":28,"column":30},"end":{"line":28,"column":68}},"type":"cond-expr","locations":[{"start":{"line":28,"column":49},"end":{"line":28,"column":58}},{"start":{"line":28,"column":61},"end":{"line":28,"column":68}}],"line":28},"3":{"loc":{"start":{"line":51,"column":2},"end":{"line":51,"column":44}},"type":"if","locations":[{"start":{"line":51,"column":2},"end":{"line":51,"column":44}},{"start":{},"end":{}}],"line":51},"4":{"loc":{"start":{"line":53,"column":15},"end":{"line":53,"column":40}},"type":"binary-expr","locations":[{"start":{"line":53,"column":15},"end":{"line":53,"column":24}},{"start":{"line":53,"column":28},"end":{"line":53,"column":40}}],"line":53},"5":{"loc":{"start":{"line":55,"column":4},"end":{"line":60,"column":33}},"type":"if","locations":[{"start":{"line":55,"column":4},"end":{"line":60,"column":33}},{"start":{},"end":{}}],"line":55},"6":{"loc":{"start":{"line":56,"column":6},"end":{"line":58,"column":25}},"type":"binary-expr","locations":[{"start":{"line":56,"column":6},"end":{"line":56,"column":22}},{"start":{"line":57,"column":6},"end":{"line":57,"column":35}},{"start":{"line":58,"column":6},"end":{"line":58,"column":25}}],"line":56},"7":{"loc":{"start":{"line":61,"column":4},"end":{"line":66,"column":35}},"type":"if","locations":[{"start":{"line":61,"column":4},"end":{"line":66,"column":35}},{"start":{},"end":{}}],"line":61},"8":{"loc":{"start":{"line":62,"column":6},"end":{"line":64,"column":27}},"type":"binary-expr","locations":[{"start":{"line":62,"column":6},"end":{"line":62,"column":24}},{"start":{"line":63,"column":6},"end":{"line":63,"column":35}},{"start":{"line":64,"column":6},"end":{"line":64,"column":27}}],"line":62},"9":{"loc":{"start":{"line":74,"column":13},"end":{"line":74,"column":35}},"type":"binary-expr","locations":[{"start":{"line":74,"column":13},"end":{"line":74,"column":27}},{"start":{"line":74,"column":31},"end":{"line":74,"column":35}}],"line":74},"10":{"loc":{"start":{"line":87,"column":2},"end":{"line":87,"column":30}},"type":"if","locations":[{"start":{"line":87,"column":2},"end":{"line":87,"column":30}},{"start":{},"end":{}}],"line":87},"11":{"loc":{"start":{"line":88,"column":2},"end":{"line":88,"column":64}},"type":"if","locations":[{"start":{"line":88,"column":2},"end":{"line":88,"column":64}},{"start":{},"end":{}}],"line":88},"12":{"loc":{"start":{"line":92,"column":9},"end":{"line":92,"column":63}},"type":"cond-expr","locations":[{"start":{"line":92,"column":35},"end":{"line":92,"column":59}},{"start":{"line":92,"column":62},"end":{"line":92,"column":63}}],"line":92},"13":{"loc":{"start":{"line":95,"column":27},"end":{"line":95,"column":44}},"type":"default-arg","locations":[{"start":{"line":95,"column":42},"end":{"line":95,"column":44}}],"line":95},"14":{"loc":{"start":{"line":95,"column":46},"end":{"line":95,"column":58}},"type":"default-arg","locations":[{"start":{"line":95,"column":56},"end":{"line":95,"column":58}}],"line":95},"15":{"loc":{"start":{"line":97,"column":26},"end":{"line":97,"column":64}},"type":"binary-expr","locations":[{"start":{"line":97,"column":26},"end":{"line":97,"column":49}},{"start":{"line":97,"column":53},"end":{"line":97,"column":64}}],"line":97},"16":{"loc":{"start":{"line":98,"column":28},"end":{"line":98,"column":58}},"type":"binary-expr","locations":[{"start":{"line":98,"column":28},"end":{"line":98,"column":53}},{"start":{"line":98,"column":57},"end":{"line":98,"column":58}}],"line":98},"17":{"loc":{"start":{"line":104,"column":4},"end":{"line":106,"column":5}},"type":"if","locations":[{"start":{"line":104,"column":4},"end":{"line":106,"column":5}},{"start":{},"end":{}}],"line":104},"18":{"loc":{"start":{"line":104,"column":8},"end":{"line":104,"column":47}},"type":"binary-expr","locations":[{"start":{"line":104,"column":8},"end":{"line":104,"column":29}},{"start":{"line":104,"column":33},"end":{"line":104,"column":47}}],"line":104},"19":{"loc":{"start":{"line":113,"column":10},"end":{"line":115,"column":29}},"type":"cond-expr","locations":[{"start":{"line":114,"column":14},"end":{"line":114,"column":31}},{"start":{"line":115,"column":14},"end":{"line":115,"column":29}}],"line":113},"20":{"loc":{"start":{"line":122,"column":4},"end":{"line":126,"column":5}},"type":"if","locations":[{"start":{"line":122,"column":4},"end":{"line":126,"column":5}},{"start":{"line":124,"column":11},"end":{"line":126,"column":5}}],"line":122},"21":{"loc":{"start":{"line":132,"column":8},"end":{"line":134,"column":27}},"type":"cond-expr","locations":[{"start":{"line":133,"column":12},"end":{"line":133,"column":29}},{"start":{"line":134,"column":12},"end":{"line":134,"column":27}}],"line":132},"22":{"loc":{"start":{"line":136,"column":6},"end":{"line":136,"column":23}},"type":"if","locations":[{"start":{"line":136,"column":6},"end":{"line":136,"column":23}},{"start":{},"end":{}}],"line":136},"23":{"loc":{"start":{"line":138,"column":6},"end":{"line":138,"column":60}},"type":"if","locations":[{"start":{"line":138,"column":6},"end":{"line":138,"column":60}},{"start":{},"end":{}}],"line":138},"24":{"loc":{"start":{"line":138,"column":10},"end":{"line":138,"column":51}},"type":"binary-expr","locations":[{"start":{"line":138,"column":10},"end":{"line":138,"column":18}},{"start":{"line":138,"column":22},"end":{"line":138,"column":51}}],"line":138},"25":{"loc":{"start":{"line":146,"column":16},"end":{"line":146,"column":31}},"type":"binary-expr","locations":[{"start":{"line":146,"column":16},"end":{"line":146,"column":23}},{"start":{"line":146,"column":27},"end":{"line":146,"column":31}}],"line":146},"26":{"loc":{"start":{"line":166,"column":25},"end":{"line":166,"column":32}},"type":"default-arg","locations":[{"start":{"line":166,"column":31},"end":{"line":166,"column":32}}],"line":166},"27":{"loc":{"start":{"line":167,"column":4},"end":{"line":167,"column":76}},"type":"if","locations":[{"start":{"line":167,"column":4},"end":{"line":167,"column":76}},{"start":{},"end":{}}],"line":167},"28":{"loc":{"start":{"line":167,"column":8},"end":{"line":167,"column":25}},"type":"binary-expr","locations":[{"start":{"line":167,"column":8},"end":{"line":167,"column":13}},{"start":{"line":167,"column":17},"end":{"line":167,"column":25}}],"line":167},"29":{"loc":{"start":{"line":171,"column":6},"end":{"line":171,"column":77}},"type":"cond-expr","locations":[{"start":{"line":171,"column":32},"end":{"line":171,"column":55}},{"start":{"line":171,"column":58},"end":{"line":171,"column":77}}],"line":171},"30":{"loc":{"start":{"line":172,"column":17},"end":{"line":172,"column":46}},"type":"binary-expr","locations":[{"start":{"line":172,"column":17},"end":{"line":172,"column":26}},{"start":{"line":172,"column":30},"end":{"line":172,"column":40}},{"start":{"line":172,"column":44},"end":{"line":172,"column":46}}],"line":172},"31":{"loc":{"start":{"line":173,"column":17},"end":{"line":173,"column":34}},"type":"binary-expr","locations":[{"start":{"line":173,"column":17},"end":{"line":173,"column":26}},{"start":{"line":173,"column":30},"end":{"line":173,"column":34}}],"line":173},"32":{"loc":{"start":{"line":175,"column":4},"end":{"line":181,"column":5}},"type":"if","locations":[{"start":{"line":175,"column":4},"end":{"line":181,"column":5}},{"start":{"line":178,"column":11},"end":{"line":181,"column":5}}],"line":175},"33":{"loc":{"start":{"line":177,"column":6},"end":{"line":177,"column":47}},"type":"if","locations":[{"start":{"line":177,"column":6},"end":{"line":177,"column":47}},{"start":{},"end":{}}],"line":177},"34":{"loc":{"start":{"line":180,"column":6},"end":{"line":180,"column":71}},"type":"if","locations":[{"start":{"line":180,"column":6},"end":{"line":180,"column":71}},{"start":{},"end":{}}],"line":180},"35":{"loc":{"start":{"line":189,"column":4},"end":{"line":189,"column":44}},"type":"if","locations":[{"start":{"line":189,"column":4},"end":{"line":189,"column":44}},{"start":{},"end":{}}],"line":189},"36":{"loc":{"start":{"line":191,"column":4},"end":{"line":192,"column":31}},"type":"if","locations":[{"start":{"line":191,"column":4},"end":{"line":192,"column":31}},{"start":{"line":192,"column":9},"end":{"line":192,"column":31}}],"line":191},"37":{"loc":{"start":{"line":249,"column":4},"end":{"line":249,"column":58}},"type":"if","locations":[{"start":{"line":249,"column":4},"end":{"line":249,"column":58}},{"start":{},"end":{}}],"line":249},"38":{"loc":{"start":{"line":249,"column":8},"end":{"line":249,"column":49}},"type":"binary-expr","locations":[{"start":{"line":249,"column":8},"end":{"line":249,"column":16}},{"start":{"line":249,"column":20},"end":{"line":249,"column":49}}],"line":249},"39":{"loc":{"start":{"line":257,"column":14},"end":{"line":257,"column":29}},"type":"binary-expr","locations":[{"start":{"line":257,"column":14},"end":{"line":257,"column":21}},{"start":{"line":257,"column":25},"end":{"line":257,"column":29}}],"line":257},"40":{"loc":{"start":{"line":265,"column":2},"end":{"line":267,"column":3}},"type":"if","locations":[{"start":{"line":265,"column":2},"end":{"line":267,"column":3}},{"start":{},"end":{}}],"line":265},"41":{"loc":{"start":{"line":269,"column":2},"end":{"line":285,"column":3}},"type":"if","locations":[{"start":{"line":269,"column":2},"end":{"line":285,"column":3}},{"start":{},"end":{}}],"line":269},"42":{"loc":{"start":{"line":270,"column":4},"end":{"line":272,"column":33}},"type":"binary-expr","locations":[{"start":{"line":270,"column":4},"end":{"line":270,"column":16}},{"start":{"line":271,"column":4},"end":{"line":271,"column":37}},{"start":{"line":272,"column":4},"end":{"line":272,"column":33}}],"line":270},"43":{"loc":{"start":{"line":280,"column":14},"end":{"line":280,"column":29}},"type":"binary-expr","locations":[{"start":{"line":280,"column":14},"end":{"line":280,"column":21}},{"start":{"line":280,"column":25},"end":{"line":280,"column":29}}],"line":280}},"s":{"0":2,"1":2,"2":2,"3":13,"4":0,"5":13,"6":13,"7":13,"8":13,"9":13,"10":13,"11":13,"12":13,"13":13,"14":13,"15":13,"16":0,"17":0,"18":1112,"19":0,"20":1112,"21":1112,"22":1112,"23":1099,"24":13,"25":13,"26":0,"27":0,"28":0,"29":0,"30":2,"31":1063,"32":2,"33":1061,"34":1061,"35":0,"36":0,"37":0,"38":16,"39":16,"40":16,"41":16,"42":1070,"43":0,"44":1070,"45":1070,"46":1070,"47":1070,"48":1070,"49":1070,"50":0,"51":1070,"52":0,"53":1070,"54":16,"55":16,"56":16,"57":16,"58":3,"59":13,"60":13,"61":0,"62":13,"63":13,"64":1,"65":13,"66":0,"67":1083,"68":1083,"69":1083,"70":1066,"71":0,"72":1066,"73":1066,"74":1066,"75":1066,"76":1066,"77":1066,"78":9,"79":9,"80":0,"81":1057,"82":1057,"83":1055,"84":1066,"85":1066,"86":1066,"87":1,"88":1,"89":0,"90":1,"91":1,"92":1,"93":0,"94":1,"95":1,"96":1,"97":1,"98":1,"99":1,"100":1,"101":1,"102":1,"103":1,"104":1,"105":1,"106":3245,"107":1504768,"108":3247,"109":3247,"110":1505771,"111":3247,"112":6484,"113":6484,"114":3010456,"115":6484,"116":3243,"117":3236,"118":1,"119":1,"120":0,"121":1,"122":1,"123":2,"124":1,"125":1,"126":16,"127":16,"128":16,"129":0,"130":0,"131":0,"132":0,"133":16,"134":2},"f":{"0":13,"1":0,"2":1112,"3":0,"4":0,"5":0,"6":1063,"7":16,"8":1070,"9":1070,"10":16,"11":1083,"12":1066,"13":1,"14":1,"15":1,"16":3245,"17":1504768,"18":3247,"19":6484,"20":3243,"21":3236,"22":1,"23":1},"b":{"0":[0,13],"1":[13,0],"2":[13,0],"3":[0,1112],"4":[1112,1099],"5":[1099,13],"6":[1112,1099,1099],"7":[13,0],"8":[13,13,13],"9":[0,0],"10":[2,1061],"11":[1061,0],"12":[0,0],"13":[16],"14":[16],"15":[16,16],"16":[16,16],"17":[0,1070],"18":[1070,0],"19":[1070,0],"20":[0,1070],"21":[16,0],"22":[3,13],"23":[0,13],"24":[13,13],"25":[1,1],"26":[0],"27":[0,1066],"28":[1066,1066],"29":[3,1063],"30":[1066,1066,1066],"31":[1066,1066],"32":[9,1057],"33":[0,9],"34":[1055,2],"35":[0,1],"36":[1,0],"37":[0,1],"38":[1,1],"39":[2,2],"40":[16,0],"41":[0,16],"42":[16,16,0],"43":[0,0]},"_coverageSchema":"1a1c01bbd47fc00a2c39e90264f33305004495a9","hash":"306e9de32fa7ae59c0d0a243847b07565db5ec74"}
}
