TN:
SF:cart.js
FN:16,setStorageMode
FN:45,__setStorageProvider
FN:49,_getStorage
FN:73,(anonymous_3)
FN:76,(anonymous_4)
FN:79,(anonymous_5)
FN:86,(anonymous_6)
FN:95,createCart
FN:102,persist
FN:108,(anonymous_9)
FN:129,restore
FN:155,dispatchChange
FN:166,addItem
FN:187,updateQty
FN:198,removeItem
FN:206,clearCart
FN:213,getItems
FN:214,(anonymous_17)
FN:217,getTotalQty
FN:223,getSubtotalCents
FN:230,getSubtotal
FN:234,getSummary
FN:244,snapshot
FN:248,restoreFromSummary
FNF:24
FNH:20
FNDA:13,setStorageMode
FNDA:0,__setStorageProvider
FNDA:1112,_getStorage
FNDA:0,(anonymous_3)
FNDA:0,(anonymous_4)
FNDA:0,(anonymous_5)
FNDA:1063,(anonymous_6)
FNDA:16,createCart
FNDA:1070,persist
FNDA:1070,(anonymous_9)
FNDA:16,restore
FNDA:1083,dispatchChange
FNDA:1066,addItem
FNDA:1,updateQty
FNDA:1,removeItem
FNDA:1,clearCart
FNDA:3245,getItems
FNDA:1504768,(anonymous_17)
FNDA:3247,getTotalQty
FNDA:6484,getSubtotalCents
FNDA:3243,getSubtotal
FNDA:3236,getSummary
FNDA:1,snapshot
FNDA:1,restoreFromSummary
DA:5,2
DA:8,2
DA:9,2
DA:17,13
DA:18,0
DA:20,13
DA:21,13
DA:23,13
DA:24,13
DA:25,13
DA:26,13
DA:28,13
DA:29,13
DA:30,13
DA:35,13
DA:38,13
DA:40,0
DA:46,0
DA:51,1112
DA:53,1112
DA:54,1112
DA:55,1112
DA:60,1099
DA:61,13
DA:66,13
DA:71,0
DA:74,0
DA:77,0
DA:80,0
DA:86,2
DA:87,1063
DA:88,1061
DA:89,0
DA:91,0
DA:92,0
DA:96,16
DA:97,16
DA:98,16
DA:100,16
DA:104,1070
DA:105,0
DA:108,1070
DA:109,1070
DA:110,1070
DA:111,1070
DA:113,1070
DA:116,1070
DA:118,0
DA:122,1070
DA:123,0
DA:125,1070
DA:130,16
DA:132,16
DA:135,16
DA:136,16
DA:137,13
DA:138,13
DA:139,13
DA:140,13
DA:141,1
DA:149,13
DA:151,0
DA:156,1083
DA:157,1083
DA:158,1083
DA:167,1066
DA:168,1066
DA:171,1066
DA:172,1066
DA:173,1066
DA:174,1066
DA:175,1066
DA:176,9
DA:177,9
DA:179,1057
DA:180,1057
DA:182,1066
DA:183,1066
DA:184,1066
DA:188,1
DA:189,1
DA:190,1
DA:191,1
DA:192,0
DA:193,1
DA:194,1
DA:195,1
DA:199,1
DA:200,1
DA:201,1
DA:202,1
DA:203,1
DA:207,1
DA:208,1
DA:209,1
DA:210,1
DA:214,1504768
DA:218,3247
DA:219,1505771
DA:220,3247
DA:224,6484
DA:225,6484
DA:226,3010456
DA:227,6484
DA:231,3243
DA:235,3236
DA:245,1
DA:249,1
DA:250,1
DA:251,1
DA:252,2
DA:260,1
DA:261,1
DA:265,16
DA:266,16
DA:269,16
DA:274,0
DA:275,0
DA:283,0
DA:284,0
DA:288,16
DA:304,2
LF:122
LH:103
BRDA:17,0,0,0
BRDA:17,0,1,13
BRDA:17,1,0,13
BRDA:17,1,1,0
BRDA:28,2,0,13
BRDA:28,2,1,0
BRDA:51,3,0,0
BRDA:51,3,1,1112
BRDA:53,4,0,1112
BRDA:53,4,1,1099
BRDA:55,5,0,1099
BRDA:55,5,1,13
BRDA:56,6,0,1112
BRDA:56,6,1,1099
BRDA:56,6,2,1099
BRDA:61,7,0,13
BRDA:61,7,1,0
BRDA:62,8,0,13
BRDA:62,8,1,13
BRDA:62,8,2,13
BRDA:74,9,0,0
BRDA:74,9,1,0
BRDA:87,10,0,2
BRDA:87,10,1,1061
BRDA:88,11,0,1061
BRDA:88,11,1,0
BRDA:92,12,0,0
BRDA:92,12,1,0
BRDA:95,13,0,16
BRDA:95,14,0,16
BRDA:97,15,0,16
BRDA:97,15,1,16
BRDA:98,16,0,16
BRDA:98,16,1,16
BRDA:104,17,0,0
BRDA:104,17,1,1070
BRDA:104,18,0,1070
BRDA:104,18,1,0
BRDA:113,19,0,1070
BRDA:113,19,1,0
BRDA:122,20,0,0
BRDA:122,20,1,1070
BRDA:132,21,0,16
BRDA:132,21,1,0
BRDA:136,22,0,3
BRDA:136,22,1,13
BRDA:138,23,0,0
BRDA:138,23,1,13
BRDA:138,24,0,13
BRDA:138,24,1,13
BRDA:146,25,0,1
BRDA:146,25,1,1
BRDA:166,26,0,0
BRDA:167,27,0,0
BRDA:167,27,1,1066
BRDA:167,28,0,1066
BRDA:167,28,1,1066
BRDA:171,29,0,3
BRDA:171,29,1,1063
BRDA:172,30,0,1066
BRDA:172,30,1,1066
BRDA:172,30,2,1066
BRDA:173,31,0,1066
BRDA:173,31,1,1066
BRDA:175,32,0,9
BRDA:175,32,1,1057
BRDA:177,33,0,0
BRDA:177,33,1,9
BRDA:180,34,0,1055
BRDA:180,34,1,2
BRDA:189,35,0,0
BRDA:189,35,1,1
BRDA:191,36,0,1
BRDA:191,36,1,0
BRDA:249,37,0,0
BRDA:249,37,1,1
BRDA:249,38,0,1
BRDA:249,38,1,1
BRDA:257,39,0,2
BRDA:257,39,1,2
BRDA:265,40,0,16
BRDA:265,40,1,0
BRDA:269,41,0,0
BRDA:269,41,1,16
BRDA:270,42,0,16
BRDA:270,42,1,16
BRDA:270,42,2,0
BRDA:280,43,0,0
BRDA:280,43,1,0
BRF:89
BRH:62
end_of_record
